2025-12-26 08:59:18,508 [INFO] Activator:176 - 


2025-12-26 08:59:18,511 [INFO] Activator:177 - !SESSION log4j initialized
2025-12-26 08:59:23,287 [INFO] LogOutputStream:77 - [STDOUT_REDIRECT] 
2025-12-26 08:59:26,898 [INFO] ApplicationProperties:184 - Using Application install path: C:\ST\STM32CubeIDE_1.19.0\STM32CubeIDE\plugins\com.st.stm32cube.common.mx_6.15.0.202507011659
2025-12-26 08:59:26,923 [INFO] DbMcusXml:78 - Set database path to: C:\ST\STM32CubeIDE_1.19.0\STM32CubeIDE\plugins\com.st.stm32cube.common.mx_6.15.0.202507011659\\db\/mcu/
2025-12-26 08:59:26,924 [INFO] ApiDb:274 - Set plugin database path to: C:\ST\STM32CubeIDE_1.19.0\STM32CubeIDE\plugins\com.st.stm32cube.common.mx_6.15.0.202507011659\\db\/plugins/boardmanager/
2025-12-26 08:59:26,924 [WARN] ApiDb:259 - Overriding images path with different value:  => C:\ST\STM32CubeIDE_1.19.0\STM32CubeIDE\plugins\com.st.stm32cube.common.mx_6.15.0.202507011659\\db\/plugins/mcufinder/images/
2025-12-26 08:59:26,933 [INFO] ApiDb:250 - Set database path to: C:\Users\Administrator\.stmcufinder\plugins\mcufinder//mcu/
2025-12-26 08:59:26,933 [INFO] DbMcusAds:125 - Set database path to: C:\Users\Administrator\.stmcufinder\plugins\mcufinder//mcu/
2025-12-26 08:59:26,933 [INFO] CrossReferenceDbSqlite:203 - Set database path to: C:\Users\Administrator\.stmcufinder\plugins\mcufinder//mcu/cs/
2025-12-26 08:59:27,255 [INFO] RulesReader:64 - Compatibility file has been processed (317 Rules)
2025-12-26 08:59:27,359 [INFO] DbMcusXml:78 - Set database path to: C:\ST\STM32CubeIDE_1.19.0\STM32CubeIDE\plugins\com.st.stm32cube.common.mx_6.15.0.202507011659\\db\/mcu/
2025-12-26 08:59:27,359 [INFO] ApiDb:274 - Set plugin database path to: C:\ST\STM32CubeIDE_1.19.0\STM32CubeIDE\plugins\com.st.stm32cube.common.mx_6.15.0.202507011659\\db\/plugins/boardmanager/
2025-12-26 08:59:27,359 [INFO] ApiDb:261 - Set plugin images path to: C:\ST\STM32CubeIDE_1.19.0\STM32CubeIDE\plugins\com.st.stm32cube.common.mx_6.15.0.202507011659\\db\/plugins/mcufinder/images/
2025-12-26 08:59:27,360 [WARN] DbFile:41 - Overriding database path with different value: C:\Users\Administrator\.stmcufinder\plugins\mcufinder/ => C:\Users\Administrator\.stmcufinder\plugins\mcufinder
2025-12-26 08:59:27,360 [INFO] ApiDb:250 - Set database path to: C:\Users\Administrator\.stmcufinder\plugins\mcufinder//mcu/
2025-12-26 08:59:27,360 [WARN] DbFile:41 - Overriding database path with different value: C:\Users\Administrator\.stmcufinder\plugins\mcufinder/ => C:\Users\Administrator\.stmcufinder\plugins\mcufinder
2025-12-26 08:59:27,360 [INFO] DbMcusAds:125 - Set database path to: C:\Users\Administrator\.stmcufinder\plugins\mcufinder//mcu/
2025-12-26 08:59:27,360 [WARN] DbFile:41 - Overriding database path with different value: C:\Users\Administrator\.stmcufinder\plugins\mcufinder/ => C:\Users\Administrator\.stmcufinder\plugins\mcufinder
2025-12-26 08:59:27,360 [WARN] DbFile:41 - Overriding database path with different value: C:\Users\Administrator\.stmcufinder\plugins\mcufinder/ => C:\Users\Administrator\.stmcufinder\plugins\mcufinder
2025-12-26 08:59:27,360 [INFO] CrossReferenceDbSqlite:203 - Set database path to: C:\Users\Administrator\.stmcufinder\plugins\mcufinder//mcu/cs/
2025-12-26 08:59:27,495 [INFO] MainPanel:274 - HeapMemory: 268435456
2025-12-26 08:59:27,790 [INFO] DbMcusXml:78 - Set database path to: C:\ST\STM32CubeIDE_1.19.0\STM32CubeIDE\plugins\com.st.stm32cube.common.mx_6.15.0.202507011659\\db\/mcu/
2025-12-26 08:59:27,790 [INFO] ApiDb:274 - Set plugin database path to: C:\ST\STM32CubeIDE_1.19.0\STM32CubeIDE\plugins\com.st.stm32cube.common.mx_6.15.0.202507011659\\db\/plugins/boardmanager/
2025-12-26 08:59:27,790 [INFO] ApiDb:261 - Set plugin images path to: C:\ST\STM32CubeIDE_1.19.0\STM32CubeIDE\plugins\com.st.stm32cube.common.mx_6.15.0.202507011659\\db\/plugins/mcufinder/images/
2025-12-26 08:59:27,790 [WARN] DbFile:41 - Overriding database path with different value: C:\Users\Administrator\.stmcufinder\plugins\mcufinder/ => C:\Users\Administrator\.stmcufinder\plugins\mcufinder
2025-12-26 08:59:27,790 [INFO] ApiDb:250 - Set database path to: C:\Users\Administrator\.stmcufinder\plugins\mcufinder//mcu/
2025-12-26 08:59:27,790 [WARN] DbFile:41 - Overriding database path with different value: C:\Users\Administrator\.stmcufinder\plugins\mcufinder/ => C:\Users\Administrator\.stmcufinder\plugins\mcufinder
2025-12-26 08:59:27,790 [INFO] DbMcusAds:125 - Set database path to: C:\Users\Administrator\.stmcufinder\plugins\mcufinder//mcu/
2025-12-26 08:59:27,790 [WARN] DbFile:41 - Overriding database path with different value: C:\Users\Administrator\.stmcufinder\plugins\mcufinder/ => C:\Users\Administrator\.stmcufinder\plugins\mcufinder
2025-12-26 08:59:27,790 [WARN] DbFile:41 - Overriding database path with different value: C:\Users\Administrator\.stmcufinder\plugins\mcufinder/ => C:\Users\Administrator\.stmcufinder\plugins\mcufinder
2025-12-26 08:59:27,790 [INFO] CrossReferenceDbSqlite:203 - Set database path to: C:\Users\Administrator\.stmcufinder\plugins\mcufinder//mcu/cs/
2025-12-26 08:59:27,828 [INFO] ApplicationProperties:184 - Using Application install path: C:\ST\STM32CubeIDE_1.19.0\STM32CubeIDE\plugins\com.st.stm32cube.common.mx_6.15.0.202507011659
2025-12-26 08:59:27,829 [INFO] PluginManage:196 - Search for loadable plugins [exclusion list=, ]
2025-12-26 08:59:27,831 [INFO] PluginManage:310 - Check plugin analytics
2025-12-26 08:59:28,210 [INFO] AnalyticsPlugin:253 - Accepted Software Licenses: 
2025-12-26 08:59:28,211 [INFO] AnalyticsPlugin:255 - Accepted CMSIS Pack Licenses: 
2025-12-26 08:59:28,211 [INFO] AnalyticsPlugin:257 - Accepted Firmware Licenses: FW.F4.1.28.0,FW.F4.1.27.0
2025-12-26 08:59:28,216 [INFO] PluginManage:359 - Loaded plugin analytics (category:tool,tabindex:-1)
2025-12-26 08:59:28,217 [INFO] PluginManage:310 - Check plugin cadmodel
2025-12-26 08:59:28,225 [INFO] CADModel:105 - Init CAD model plugin
2025-12-26 08:59:28,225 [INFO] PluginManage:359 - Loaded plugin cadmodel (category:power,tabindex:5)
2025-12-26 08:59:28,225 [INFO] PluginManage:310 - Check plugin clock
2025-12-26 08:59:28,239 [INFO] PluginManage:359 - Loaded plugin clock (category:base,tabindex:2)
2025-12-26 08:59:28,239 [INFO] PluginManage:310 - Check plugin ddr
2025-12-26 08:59:28,242 [INFO] PluginManage:359 - Loaded plugin ddr (category:tool,tabindex:6)
2025-12-26 08:59:28,243 [INFO] PluginManage:310 - Check plugin filemanager
2025-12-26 08:59:28,635 [INFO] PluginManage:359 - Loaded plugin filemanager (category:base,tabindex:10)
2025-12-26 08:59:28,635 [INFO] PluginManage:310 - Check plugin ipmanager
2025-12-26 08:59:28,651 [INFO] PluginManage:359 - Loaded plugin ipmanager (category:base,tabindex:5)
2025-12-26 08:59:28,651 [INFO] PluginManage:310 - Check plugin lpbam
2025-12-26 08:59:28,663 [INFO] PluginManage:359 - Loaded plugin lpbam (category:base,tabindex:0)
2025-12-26 08:59:28,664 [INFO] PluginManage:310 - Check plugin memorymap
2025-12-26 08:59:28,683 [INFO] PluginManage:359 - Loaded plugin memorymap (category:base,tabindex:4)
2025-12-26 08:59:28,683 [INFO] PluginManage:310 - Check plugin pinoutandconfiguration
2025-12-26 08:59:28,694 [INFO] PluginManage:359 - Loaded plugin pinoutandconfiguration (category:base,tabindex:1)
2025-12-26 08:59:28,694 [INFO] PluginManage:310 - Check plugin pinoutconfig
2025-12-26 08:59:28,956 [WARN] SupportedApi:132 - Cannot load RTOS API schema: s4s-elt-must-match.1: The content of 'definitions' must match (annotation?, (simpleType | complexType)?, (unique | key | keyref)*)). A problem was found starting at: attribute.
2025-12-26 08:59:29,206 [INFO] PluginManage:359 - Loaded plugin pinoutconfig (category:base,tabindex:0)
2025-12-26 08:59:29,206 [INFO] PluginManage:310 - Check plugin power
2025-12-26 08:59:29,206 [INFO] PluginManage:359 - Loaded plugin power (category:power,tabindex:4)
2025-12-26 08:59:29,206 [INFO] PluginManage:310 - Check plugin projectmanager
2025-12-26 08:59:29,238 [INFO] PluginManage:359 - Loaded plugin projectmanager (category:projectmanager,tabindex:4)
2025-12-26 08:59:29,238 [INFO] PluginManage:310 - Check plugin rif
2025-12-26 08:59:29,251 [INFO] PluginManage:359 - Loaded plugin rif (category:base,tabindex:3)
2025-12-26 08:59:29,251 [INFO] PluginManage:310 - Check plugin thirdparty
2025-12-26 08:59:29,526 [INFO] PluginManage:359 - Loaded plugin thirdparty (category:base,tabindex:-1)
2025-12-26 08:59:29,526 [INFO] PluginManage:310 - Check plugin tools
2025-12-26 08:59:29,526 [WARN] IntegrityCheckThread:84 - waiting for thirdparty lock release [integrity check]
2025-12-26 08:59:29,528 [INFO] IntegrityCheckThread:86 - entering critical section [integrity check]
2025-12-26 08:59:29,528 [INFO] ThirdPartyUpdaterWithRetryManager:70 - Updater plugin not ready yet. [1/15]
2025-12-26 08:59:29,531 [INFO] PluginManage:359 - Loaded plugin tools (category:base,tabindex:7)
2025-12-26 08:59:29,532 [INFO] PluginManage:310 - Check plugin tutovideos
2025-12-26 08:59:29,905 [INFO] PluginManage:359 - Loaded plugin tutovideos (category:base,tabindex:-1)
2025-12-26 08:59:29,906 [INFO] PluginManage:310 - Check plugin updater
2025-12-26 08:59:29,933 [INFO] PluginManage:359 - Loaded plugin updater (category:base,tabindex:12)
2025-12-26 08:59:29,933 [INFO] PluginManage:310 - Check plugin userauth
2025-12-26 08:59:29,941 [INFO] UserAuth:118 - Init User Auth plugin
2025-12-26 08:59:29,942 [INFO] PluginManage:359 - Loaded plugin userauth (category:base,tabindex:14)
2025-12-26 08:59:29,943 [INFO] PluginManage:283 - PluginManage : Loaded plugins [18]
2025-12-26 08:59:30,479 [INFO] PinOutPanel:1589 - setPackage(No Configuration,No Configuration)
2025-12-26 08:59:30,743 [INFO] CADModel:165 - CPN selected for project level
2025-12-26 08:59:30,743 [INFO] CADModel:114 - Register for checkConnection events
2025-12-26 08:59:30,775 [INFO] IPUIPlugin:80 - create IPUIPlugin
2025-12-26 08:59:30,775 [INFO] PluginManager:220 - loadIPPluginJar : add adc
2025-12-26 08:59:30,792 [INFO] IPUIPlugin:80 - create IPUIPlugin
2025-12-26 08:59:30,792 [INFO] PluginManager:220 - loadIPPluginJar : add aes
2025-12-26 08:59:30,796 [INFO] IPUIPlugin:80 - create IPUIPlugin
2025-12-26 08:59:30,797 [INFO] PluginManager:220 - loadIPPluginJar : add can
2025-12-26 08:59:30,800 [INFO] IPUIPlugin:80 - create IPUIPlugin
2025-12-26 08:59:30,800 [INFO] PluginManager:220 - loadIPPluginJar : add comp
2025-12-26 08:59:30,809 [INFO] IPUIPlugin:80 - create IPUIPlugin
2025-12-26 08:59:30,810 [INFO] PluginManager:220 - loadIPPluginJar : add cryp
2025-12-26 08:59:30,841 [INFO] IPUIPlugin:80 - create IPUIPlugin
2025-12-26 08:59:30,841 [INFO] PluginManager:220 - loadIPPluginJar : add ddr_ctrl_phy
2025-12-26 08:59:30,866 [INFO] IPUIPlugin:80 - create IPUIPlugin
2025-12-26 08:59:30,866 [INFO] PluginManager:220 - loadIPPluginJar : add dfsdm
2025-12-26 08:59:30,881 [INFO] IPUIPlugin:80 - create IPUIPlugin
2025-12-26 08:59:30,896 [INFO] PluginManager:220 - loadIPPluginJar : add dma
2025-12-26 08:59:30,900 [INFO] IPUIPlugin:80 - create IPUIPlugin
2025-12-26 08:59:30,900 [INFO] PluginManager:220 - loadIPPluginJar : add dma3
2025-12-26 08:59:30,904 [INFO] IPUIPlugin:80 - create IPUIPlugin
2025-12-26 08:59:30,904 [INFO] PluginManager:220 - loadIPPluginJar : add extmemmanager
2025-12-26 08:59:30,907 [INFO] IPUIPlugin:80 - create IPUIPlugin
2025-12-26 08:59:30,907 [INFO] PluginManager:220 - loadIPPluginJar : add fatfs
2025-12-26 08:59:30,919 [INFO] IPUIPlugin:80 - create IPUIPlugin
2025-12-26 08:59:30,920 [INFO] PluginManager:220 - loadIPPluginJar : add fmc
2025-12-26 08:59:30,936 [INFO] IPUIPlugin:80 - create IPUIPlugin
2025-12-26 08:59:30,937 [INFO] PluginManager:220 - loadIPPluginJar : add freertos
2025-12-26 08:59:30,941 [INFO] IPUIPlugin:80 - create IPUIPlugin
2025-12-26 08:59:30,942 [INFO] PluginManager:220 - loadIPPluginJar : add genericplugin
2025-12-26 08:59:30,946 [INFO] IPUIPlugin:80 - create IPUIPlugin
2025-12-26 08:59:30,947 [INFO] PluginManager:220 - loadIPPluginJar : add gfxmmu
2025-12-26 08:59:30,949 [INFO] IPUIPlugin:80 - create IPUIPlugin
2025-12-26 08:59:30,949 [INFO] PluginManager:220 - loadIPPluginJar : add gic
2025-12-26 08:59:30,958 [INFO] IPUIPlugin:80 - create IPUIPlugin
2025-12-26 08:59:30,960 [INFO] PluginManager:220 - loadIPPluginJar : add gpio
2025-12-26 08:59:30,960 [INFO] IPUIPlugin:80 - create IPUIPlugin
2025-12-26 08:59:30,960 [INFO] PluginManager:220 - loadIPPluginJar : add gtzc
2025-12-26 08:59:30,960 [INFO] IPUIPlugin:80 - create IPUIPlugin
2025-12-26 08:59:30,960 [INFO] PluginManager:220 - loadIPPluginJar : add hash
2025-12-26 08:59:30,972 [INFO] IPUIPlugin:80 - create IPUIPlugin
2025-12-26 08:59:30,972 [INFO] PluginManager:220 - loadIPPluginJar : add i2c
2025-12-26 08:59:30,978 [INFO] IPUIPlugin:80 - create IPUIPlugin
2025-12-26 08:59:30,978 [INFO] PluginManager:220 - loadIPPluginJar : add i2s
2025-12-26 08:59:30,982 [INFO] IPUIPlugin:80 - create IPUIPlugin
2025-12-26 08:59:30,982 [INFO] PluginManager:220 - loadIPPluginJar : add i3c
2025-12-26 08:59:30,987 [INFO] IPUIPlugin:80 - create IPUIPlugin
2025-12-26 08:59:30,987 [INFO] PluginManager:220 - loadIPPluginJar : add ipddr
2025-12-26 08:59:30,996 [INFO] IPUIPlugin:80 - create IPUIPlugin
2025-12-26 08:59:30,997 [INFO] PluginManager:220 - loadIPPluginJar : add linkedlist
2025-12-26 08:59:31,037 [INFO] IPUIPlugin:80 - create IPUIPlugin
2025-12-26 08:59:31,043 [INFO] PluginManager:220 - loadIPPluginJar : add lorawan
2025-12-26 08:59:31,068 [INFO] IPUIPlugin:80 - create IPUIPlugin
2025-12-26 08:59:31,068 [INFO] PluginManager:220 - loadIPPluginJar : add ltdc
2025-12-26 08:59:31,085 [INFO] IPUIPlugin:80 - create IPUIPlugin
2025-12-26 08:59:31,085 [INFO] PluginManager:220 - loadIPPluginJar : add mdma
2025-12-26 08:59:31,093 [INFO] IPUIPlugin:80 - create IPUIPlugin
2025-12-26 08:59:31,094 [INFO] PluginManager:220 - loadIPPluginJar : add nvic
2025-12-26 08:59:31,097 [INFO] IPUIPlugin:80 - create IPUIPlugin
2025-12-26 08:59:31,097 [INFO] PluginManager:220 - loadIPPluginJar : add opamp
2025-12-26 08:59:31,108 [INFO] IPUIPlugin:80 - create IPUIPlugin
2025-12-26 08:59:31,109 [INFO] PluginManager:220 - loadIPPluginJar : add openamp
2025-12-26 08:59:31,113 [INFO] IPUIPlugin:80 - create IPUIPlugin
2025-12-26 08:59:31,113 [INFO] PluginManager:220 - loadIPPluginJar : add pdm2pcm
2025-12-26 08:59:31,120 [INFO] IPUIPlugin:80 - create IPUIPlugin
2025-12-26 08:59:31,125 [INFO] PluginManager:220 - loadIPPluginJar : add plateformsettings
2025-12-26 08:59:31,125 [INFO] IPUIPlugin:80 - create IPUIPlugin
2025-12-26 08:59:31,125 [INFO] PluginManager:220 - loadIPPluginJar : add quadspi
2025-12-26 08:59:31,130 [INFO] IPUIPlugin:80 - create IPUIPlugin
2025-12-26 08:59:31,130 [INFO] PluginManager:220 - loadIPPluginJar : add radio
2025-12-26 08:59:31,130 [INFO] IPUIPlugin:80 - create IPUIPlugin
2025-12-26 08:59:31,130 [INFO] PluginManager:220 - loadIPPluginJar : add resmgrutility
2025-12-26 08:59:31,141 [INFO] IPUIPlugin:80 - create IPUIPlugin
2025-12-26 08:59:31,141 [INFO] PluginManager:220 - loadIPPluginJar : add sai
2025-12-26 08:59:31,145 [INFO] IPUIPlugin:80 - create IPUIPlugin
2025-12-26 08:59:31,146 [INFO] PluginManager:220 - loadIPPluginJar : add spi
2025-12-26 08:59:31,152 [INFO] IPUIPlugin:80 - create IPUIPlugin
2025-12-26 08:59:31,153 [INFO] PluginManager:220 - loadIPPluginJar : add stm32_wpan
2025-12-26 08:59:31,155 [INFO] IPUIPlugin:80 - create IPUIPlugin
2025-12-26 08:59:31,156 [INFO] PluginManager:220 - loadIPPluginJar : add tim
2025-12-26 08:59:31,157 [INFO] IPUIPlugin:80 - create IPUIPlugin
2025-12-26 08:59:31,157 [INFO] PluginManager:220 - loadIPPluginJar : add touchsensing
2025-12-26 08:59:31,157 [INFO] IPUIPlugin:80 - create IPUIPlugin
2025-12-26 08:59:31,157 [INFO] PluginManager:220 - loadIPPluginJar : add tracer_emb
2025-12-26 08:59:31,157 [INFO] IPUIPlugin:80 - create IPUIPlugin
2025-12-26 08:59:31,157 [INFO] PluginManager:220 - loadIPPluginJar : add ts
2025-12-26 08:59:31,157 [INFO] IPUIPlugin:80 - create IPUIPlugin
2025-12-26 08:59:31,157 [INFO] PluginManager:220 - loadIPPluginJar : add tsc
2025-12-26 08:59:31,174 [INFO] IPUIPlugin:80 - create IPUIPlugin
2025-12-26 08:59:31,174 [INFO] PluginManager:220 - loadIPPluginJar : add ucpd
2025-12-26 08:59:31,174 [INFO] IPUIPlugin:80 - create IPUIPlugin
2025-12-26 08:59:31,174 [INFO] PluginManager:220 - loadIPPluginJar : add usart
2025-12-26 08:59:31,174 [INFO] IPUIPlugin:80 - create IPUIPlugin
2025-12-26 08:59:31,174 [INFO] PluginManager:220 - loadIPPluginJar : add usbx
2025-12-26 08:59:31,451 [FATAL] Updater:351 - Updater called before beeing initialized
2025-12-26 08:59:31,486 [INFO] RulesReader:64 - Compatibility file has been processed (317 Rules)
2025-12-26 08:59:31,528 [INFO] RulesReader:64 - Compatibility file has been processed (317 Rules)
2025-12-26 08:59:31,536 [INFO] CADModel:165 - CPN selected for project level
2025-12-26 08:59:31,536 [INFO] CADModel:114 - Register for checkConnection events
2025-12-26 08:59:31,536 [FATAL] Updater:351 - Updater called before beeing initialized
2025-12-26 08:59:31,536 [ERROR] CADModel:125 - Updater not yet initialized, retry later 
2025-12-26 08:59:31,870 [FATAL] Updater:351 - Updater called before beeing initialized
2025-12-26 08:59:31,873 [INFO] CADModel:165 - CPN selected for project level
2025-12-26 08:59:31,873 [INFO] CADModel:114 - Register for checkConnection events
2025-12-26 08:59:31,873 [FATAL] Updater:351 - Updater called before beeing initialized
2025-12-26 08:59:31,873 [ERROR] CADModel:125 - Updater not yet initialized, retry later 
2025-12-26 08:59:31,885 [FATAL] Updater:351 - Updater called before beeing initialized
2025-12-26 08:59:32,134 [FATAL] Updater:351 - Updater called before beeing initialized
2025-12-26 08:59:32,140 [INFO] DbMcusAds:53 - JSON generation date=Tue Dec 16 04:41:46 IST 2025 (1765840306612)
2025-12-26 08:59:32,141 [FATAL] Updater:351 - Updater called before beeing initialized
2025-12-26 08:59:32,199 [WARN] DetailPanel:346 - Failed to get advertising image, set to default
2025-12-26 08:59:32,291 [FATAL] Updater:351 - Updater called before beeing initialized
2025-12-26 08:59:32,293 [FATAL] Updater:351 - Updater called before beeing initialized
2025-12-26 08:59:32,293 [FATAL] Updater:351 - Updater called before beeing initialized
2025-12-26 08:59:32,294 [WARN] DetailPanel:346 - Failed to get advertising image, set to default
2025-12-26 08:59:32,294 [FATAL] Updater:351 - Updater called before beeing initialized
2025-12-26 08:59:32,352 [ERROR] Updater:1198 - MainUpdater not yet initialized. External WinMGr cannot be set.
2025-12-26 08:59:32,355 [INFO] Updater:1134 - Updater Version found : 6.15.0
2025-12-26 08:59:32,380 [INFO] ApplicationProperties:184 - Using Application install path: C:\ST\STM32CubeIDE_1.19.0\STM32CubeIDE\plugins\com.st.stm32cube.common.mx_6.15.0.202507011659
2025-12-26 08:59:32,529 [INFO] ThirdPartyUpdaterWithRetryManager:70 - Updater plugin not ready yet. [2/15]
2025-12-26 08:59:33,968 [ERROR] LogOutputStream:75 - [STDERR_REDIRECT] Dec 26, 2025 8:59:33 AM java.util.prefs.WindowsPreferences <init>
2025-12-26 08:59:33,969 [ERROR] LogOutputStream:75 - [STDERR_REDIRECT] WARNING: Could not open/create prefs root node Software\JavaSoft\Prefs at root 0xffffffff80000002. Windows RegCreateKeyEx(...) returned error code 5.
2025-12-26 08:59:33,970 [ERROR] LogOutputStream:75 - [STDERR_REDIRECT] 
2025-12-26 08:59:34,396 [INFO] MainUpdater:2872 - connection check result : 10
2025-12-26 08:59:34,397 [INFO] MainUpdater:289 - Updater Check For Update Now.
2025-12-26 08:59:34,397 [INFO] MicroXplorer:498 - Change Database Version : DB.6.0.150
2025-12-26 08:59:34,403 [INFO] McuFinderGlobals:63 - Set McuFinder mode to 2 (CubeIDE integrated)
2025-12-26 08:59:34,403 [INFO] UserAuth:487 - Internet connection configuration mode: 1
2025-12-26 08:59:34,442 [INFO] JxBrowserEngine:152 - Initiate JxBrowser Engine with user profile folder
2025-12-26 08:59:34,608 [INFO] CheckServerUpdateThread:120 - End of CheckServer Thread
2025-12-26 08:59:35,916 [WARN] PackLoader:240 - Cannot read IP mode file for STMicroelectronics.FP-SNS-MOTENVWB1.1.4.0
2025-12-26 08:59:35,928 [WARN] PackLoader:240 - Cannot read IP mode file for STMicroelectronics.FP-ATR-ASTRA1.2.0.2
2025-12-26 08:59:35,939 [WARN] PackLoader:240 - Cannot read IP mode file for STMicroelectronics.X-CUBE-SMBUS.2.1.0
2025-12-26 08:59:35,993 [WARN] PackLoader:240 - Cannot read IP mode file for STMicroelectronics.X-CUBE-AZRTOS-F7.1.1.0
2025-12-26 08:59:36,005 [WARN] PackLoader:240 - Cannot read IP mode file for Cesanta.I-CUBE-Mongoose.7.19.0
2025-12-26 08:59:36,012 [WARN] PackLoader:240 - Cannot read IP mode file for STMicroelectronics.FP-SNS-MOTENV1.5.1.0
2025-12-26 08:59:36,027 [WARN] PackLoader:240 - Cannot read IP mode file for WES.I-CUBE-Cesium.1.4.0
2025-12-26 08:59:36,064 [WARN] PackLoader:240 - Cannot read IP mode file for Infineon.AIROC-Wi-Fi-Bluetooth-STM32.1.7.1
2025-12-26 08:59:36,115 [WARN] PackLoader:240 - Cannot read IP mode file for STMicroelectronics.X-CUBE-AZRTOS-H7.3.4.0
2025-12-26 08:59:36,133 [WARN] PackLoader:240 - Cannot read IP mode file for STMicroelectronics.X-CUBE-DISPLAY.3.0.0
2025-12-26 08:59:36,151 [WARN] PackLoader:240 - Cannot read IP mode file for STMicroelectronics.X-CUBE-NFC10.1.0.0
2025-12-26 08:59:36,161 [WARN] PackLoader:240 - Cannot read IP mode file for STMicroelectronics.X-CUBE-ST60.1.1.0
2025-12-26 08:59:36,171 [WARN] PackLoader:240 - Cannot read IP mode file for emotas.I-CUBE-CANOPEN.1.3.0
2025-12-26 08:59:36,178 [WARN] PackLoader:240 - Cannot read IP mode file for STMicroelectronics.X-CUBE-GNSS1.7.1.0
2025-12-26 08:59:36,188 [WARN] PackLoader:240 - Cannot read IP mode file for STMicroelectronics.FP-SNS-STBOX1.2.1.0
2025-12-26 08:59:36,196 [WARN] PackLoader:240 - Cannot read IP mode file for STMicroelectronics.FP-SNS-SMARTAG2.1.2.0
2025-12-26 08:59:36,202 [WARN] PackLoader:240 - Cannot read IP mode file for STMicroelectronics.FP-SNS-FLIGHT1.5.1.0
2025-12-26 08:59:36,213 [INFO] LogOutputStream:77 - [STDOUT_REDIRECT] 1 : Invalid condition id : UX_CORESTACK_Condition cause : null
2025-12-26 08:59:36,214 [INFO] LogOutputStream:77 - [STDOUT_REDIRECT] 1 : Invalid condition id : UX_CORESTACK_Condition cause : null
2025-12-26 08:59:36,216 [INFO] LogOutputStream:77 - [STDOUT_REDIRECT] 1 : Invalid condition id : UX_CORESTACK_Condition cause : null
2025-12-26 08:59:36,217 [INFO] LogOutputStream:77 - [STDOUT_REDIRECT] 1 : Invalid condition id : UX_CORESTACK_Condition cause : null
2025-12-26 08:59:36,218 [INFO] LogOutputStream:77 - [STDOUT_REDIRECT] 1 : Invalid condition id : UX_CORESTACK_Condition cause : null
2025-12-26 08:59:36,222 [WARN] PackLoader:240 - Cannot read IP mode file for STMicroelectronics.X-CUBE-AZRTOS-WL.2.0.0
2025-12-26 08:59:36,249 [WARN] PackLoader:240 - Cannot read IP mode file for STMicroelectronics.X-CUBE-AZRTOS-H7RS.1.2.0
2025-12-26 08:59:36,259 [WARN] PackLoader:240 - Cannot read IP mode file for STMicroelectronics.X-CUBE-BLE2.3.3.0
2025-12-26 08:59:36,286 [WARN] PackLoader:240 - Cannot read IP mode file for STMicroelectronics.X-CUBE-NFC9.1.0.0
2025-12-26 08:59:36,295 [WARN] PackLoader:240 - Cannot read IP mode file for wolfSSL.I-CUBE-wolfSSL.5.8.2
2025-12-26 08:59:36,302 [WARN] PackLoader:240 - Cannot read IP mode file for STMicroelectronics.X-CUBE-BLE1.7.1.0
2025-12-26 08:59:36,308 [WARN] PackLoader:240 - Cannot read IP mode file for wolfSSL.I-CUBE-wolfMQTT.1.19.2
2025-12-26 08:59:36,316 [WARN] PackLoader:240 - Cannot read IP mode file for STMicroelectronics.X-CUBE-FREERTOS.1.4.0
2025-12-26 08:59:36,323 [WARN] PackLoader:240 - Cannot read IP mode file for STMicroelectronics.X-CUBE-EEPRMA1.5.2.0
2025-12-26 08:59:36,333 [WARN] PackLoader:240 - Cannot read IP mode file for STMicroelectronics.X-CUBE-ST67W61.1.1.0
2025-12-26 08:59:36,396 [WARN] PackLoader:240 - Cannot read IP mode file for STMicroelectronics.X-CUBE-MEMS1.12.0.0
2025-12-26 08:59:36,518 [WARN] PackLoader:240 - Cannot read IP mode file for STMicroelectronics.X-CUBE-AZRTOS-G0.1.1.0
2025-12-26 08:59:36,525 [WARN] PackLoader:240 - Cannot read IP mode file for STMicroelectronics.X-CUBE-NFC4.3.0.0
2025-12-26 08:59:36,537 [WARN] PackLoader:240 - Cannot read IP mode file for EmbeddedOffice.I-CUBE-FS-RTOS.1.0.1
2025-12-26 08:59:36,545 [WARN] PackLoader:240 - Cannot read IP mode file for STMicroelectronics.X-CUBE-WB05N.2.0.0
2025-12-26 08:59:36,550 [WARN] PackLoader:240 - Cannot read IP mode file for wolfSSL.I-CUBE-wolfTPM.3.8.0
2025-12-26 08:59:36,556 [WARN] PackLoader:240 - Cannot read IP mode file for STMicroelectronics.X-CUBE-TCPP.4.2.0
2025-12-26 08:59:36,564 [WARN] PackLoader:240 - Cannot read IP mode file for RealThread.X-CUBE-RT-Thread_Nano.4.1.1
2025-12-26 08:59:36,568 [WARN] PackLoader:240 - Cannot read IP mode file for STMicroelectronics.FP-ATR-SIGFOX1.3.2.0
2025-12-26 08:59:36,576 [WARN] PackLoader:240 - Cannot read IP mode file for ITTIA_DB.I-CUBE-ITTIADB.8.9.0
2025-12-26 08:59:36,580 [WARN] PackLoader:240 - Cannot read IP mode file for STMicroelectronics.X-CUBE-AI.10.2.0
2025-12-26 08:59:36,610 [WARN] PackLoader:240 - Cannot read IP mode file for SEGGER.I-CUBE-embOS.1.3.1
2025-12-26 08:59:36,652 [WARN] PackLoader:240 - Cannot read IP mode file for STMicroelectronics.X-CUBE-ALGOBUILD.1.4.0
2025-12-26 08:59:36,670 [INFO] WebApp:169 - Instantiating new browser for Auth
2025-12-26 08:59:36,710 [WARN] PackLoader:240 - Cannot read IP mode file for STMicroelectronics.X-CUBE-MEMS1.11.3.0
2025-12-26 08:59:36,888 [WARN] PackLoader:240 - Cannot read IP mode file for STMicroelectronics.X-CUBE-PM33A1.1.0.0
2025-12-26 08:59:36,904 [WARN] PackLoader:240 - Cannot read IP mode file for STMicroelectronics.X-CUBE-AZRTOS-F4.1.1.0
2025-12-26 08:59:36,911 [WARN] PackLoader:240 - Cannot read IP mode file for STMicroelectronics.X-CUBE-ISPU.2.1.0
2025-12-26 08:59:36,926 [WARN] PackLoader:240 - Cannot read IP mode file for STMicroelectronics.X-CUBE-IPS.3.2.0
2025-12-26 08:59:36,940 [WARN] PackLoader:240 - Cannot read IP mode file for STMicroelectronics.X-CUBE-NFC12.1.0.0
2025-12-26 08:59:36,970 [WARN] PackLoader:240 - Cannot read IP mode file for STMicroelectronics.X-CUBE-AZRTOS-L5.2.0.0
2025-12-26 08:59:36,980 [WARN] PackLoader:240 - Cannot read IP mode file for STMicroelectronics.X-CUBE-NFC6.3.1.0
2025-12-26 08:59:36,987 [WARN] PackLoader:240 - Cannot read IP mode file for STMicroelectronics.X-CUBE-FREERTOS.1.3.1
2025-12-26 08:59:36,994 [WARN] PackLoader:240 - Cannot read IP mode file for STMicroelectronics.X-CUBE-TOUCHGFX.4.26.0
2025-12-26 08:59:36,999 [WARN] PackLoader:240 - Cannot read IP mode file for STMicroelectronics.FP-SNS-STAIOTCFT.1.0.0
2025-12-26 08:59:37,005 [WARN] PackLoader:240 - Cannot read IP mode file for STMicroelectronics.X-CUBE-DPower.1.3.0
2025-12-26 08:59:37,024 [WARN] ConditionMgr:438 - getConditionDescription Invalid condition id : LAN8742 Phy interface Condition cause : null
2025-12-26 08:59:37,025 [WARN] PackLoader:240 - Cannot read IP mode file for STMicroelectronics.X-CUBE-AZRTOS-L4.2.0.0
2025-12-26 08:59:37,026 [WARN] ConditionMgr:1044 - genDependencies : Invalid condition id : LAN8742 Phy interface Condition cause : null
2025-12-26 08:59:37,027 [WARN] ConditionMgr:1044 - genDependencies : Invalid condition id : LAN8742 Phy interface Condition cause : null
2025-12-26 08:59:37,027 [WARN] ConditionMgr:1044 - genDependencies : Invalid condition id : LAN8742 Phy interface Condition cause : null
2025-12-26 08:59:37,034 [WARN] PackLoader:240 - Cannot read IP mode file for STMicroelectronics.X-CUBE-SFXS2LP1.4.0.0
2025-12-26 08:59:37,046 [WARN] PackLoader:240 - Cannot read IP mode file for STMicroelectronics.X-CUBE-BLEMGR.4.1.0
2025-12-26 08:59:37,063 [WARN] ConditionMgr:438 - getConditionDescription Invalid condition id : UX DEVICE CLASS RTOS Condition cause : null
2025-12-26 08:59:37,063 [WARN] ConditionMgr:438 - getConditionDescription Invalid condition id : UX DEVICE CLASS RTOS Condition cause : null
2025-12-26 08:59:37,065 [WARN] PackLoader:240 - Cannot read IP mode file for STMicroelectronics.X-CUBE-AZRTOS-WB.2.0.0
2025-12-26 08:59:37,066 [WARN] ConditionMgr:1044 - genDependencies : Invalid condition id : UX DEVICE CLASS RTOS Condition cause : null
2025-12-26 08:59:37,066 [WARN] ConditionMgr:1044 - genDependencies : Invalid condition id : UX DEVICE CLASS RTOS Condition cause : null
2025-12-26 08:59:37,066 [WARN] ConditionMgr:1044 - genDependencies : Invalid condition id : UX DEVICE CLASS RTOS Condition cause : null
2025-12-26 08:59:37,066 [WARN] ConditionMgr:1044 - genDependencies : Invalid condition id : UX DEVICE CLASS RTOS Condition cause : null
2025-12-26 08:59:37,067 [WARN] ConditionMgr:1044 - genDependencies : Invalid condition id : UX DEVICE CLASS RTOS Condition cause : null
2025-12-26 08:59:37,072 [WARN] ConditionMgr:438 - getConditionDescription Invalid condition id : Cortex-A Device cause : null
2025-12-26 08:59:37,083 [WARN] ConditionMgr:1044 - genDependencies : Invalid condition id : Cortex-A Device cause : null
2025-12-26 08:59:37,084 [WARN] ConditionMgr:1044 - genDependencies : Invalid condition id : Cortex-A Device cause : null
2025-12-26 08:59:37,084 [WARN] ConditionMgr:1044 - genDependencies : Invalid condition id : Cortex-A Device cause : null
2025-12-26 08:59:37,094 [WARN] PackLoader:240 - Cannot read IP mode file for STMicroelectronics.X-CUBE-SUBG2.5.0.0
2025-12-26 08:59:37,116 [WARN] PackLoader:240 - Cannot read IP mode file for STMicroelectronics.X-CUBE-AZRTOS-H7RS.1.1.0
2025-12-26 08:59:37,133 [WARN] PackLoader:240 - Cannot read IP mode file for STMicroelectronics.X-CUBE-AZRTOS-G4.2.0.0
2025-12-26 08:59:37,139 [WARN] PackLoader:240 - Cannot read IP mode file for wolfSSL.I-CUBE-wolfSSH.1.4.20
2025-12-26 08:59:37,145 [WARN] PackLoader:240 - Cannot read IP mode file for STMicroelectronics.X-CUBE-NFC7.2.0.0
2025-12-26 08:59:37,152 [WARN] PackLoader:240 - Cannot read IP mode file for STMicroelectronics.X-CUBE-ALS.1.0.2
2025-12-26 08:59:37,189 [WARN] PackLoader:240 - Cannot read IP mode file for STMicroelectronics.X-CUBE-STSE01.1.0.0
2025-12-26 08:59:37,203 [WARN] PackLoader:240 - Cannot read IP mode file for STMicroelectronics.X-CUBE-TOF1.3.4.3
2025-12-26 08:59:37,214 [INFO] ThirdParty:978 - Integrity check success = true
2025-12-26 08:59:37,215 [INFO] IntegrityCheckThread:100 - exiting critical section [integrity check]
2025-12-26 08:59:37,215 [INFO] IntegrityCheckThread:103 - End integrity checks thread
2025-12-26 08:59:38,076 [INFO] WebApp:463 - Apply proxy settings
2025-12-26 08:59:38,080 [INFO] WebApp:548 - Chromium requires no authentication
2025-12-26 08:59:38,090 [INFO] WebApp:491 - Direct internet connection detected
2025-12-26 08:59:38,117 [INFO] WebApp:900 - Register for checkConnection events
2025-12-26 08:59:38,117 [INFO] WebApp:463 - Apply proxy settings
2025-12-26 08:59:38,117 [INFO] WebApp:548 - Chromium requires no authentication
2025-12-26 08:59:38,118 [INFO] WebApp:491 - Direct internet connection detected
2025-12-26 08:59:38,345 [INFO] WebApp:225 - Starting web application
2025-12-26 08:59:38,345 [INFO] WebApp:593 - Web application path used C:\ST\STM32CubeIDE_1.19.0\STM32CubeIDE\plugins\com.st.stm32cube.common.mx_6.15.0.202507011659\db\plugins\mcufinder\reactClient1\index.html
2025-12-26 08:59:38,611 [INFO] UserAuth:487 - Internet connection configuration mode: 1
2025-12-26 08:59:39,013 [INFO] WebApp:191 - Connection restablished
2025-12-26 09:01:21,701 [INFO] WebApp:194 - Connection lost
2025-12-26 09:01:21,883 [INFO] WebApp:191 - Connection restablished
